<?xml version="1.0" encoding="UTF-8"?>
<testsuite xmlns:xsi="http://www.w3.org/2001/XMLSchema-instance" xsi:noNamespaceSchemaLocation="https://maven.apache.org/surefire/maven-surefire-plugin/xsd/surefire-test-report-3.0.xsd" version="3.0" name="com.example.AppTest" time="0.347" tests="1" errors="0" skipped="0" failures="0">
  <properties>
    <property name="java.specification.version" value="22"/>
    <property name="sun.cpu.isalist" value="amd64"/>
    <property name="sun.jnu.encoding" value="Cp1252"/>
    <property name="java.class.path" value="C:\Users\pushpanjali_g\eclipse-workspace\my-app\target\test-classes;C:\Users\pushpanjali_g\eclipse-workspace\my-app\target\classes;C:\Users\pushpanjali_g\.m2\repository\junit\junit\3.8.1\junit-3.8.1.jar;C:\Users\pushpanjali_g\.m2\repository\com\aventstack\extentreports\5.0.0\extentreports-5.0.0.jar;C:\Users\pushpanjali_g\.m2\repository\io\reactivex\rxjava3\rxjava\3.0.4\rxjava-3.0.4.jar;C:\Users\pushpanjali_g\.m2\repository\org\reactivestreams\reactive-streams\1.0.3\reactive-streams-1.0.3.jar;C:\Users\pushpanjali_g\.m2\repository\org\freemarker\freemarker\2.3.30\freemarker-2.3.30.jar;C:\Users\pushpanjali_g\.m2\repository\com\google\code\gson\gson\2.8.6\gson-2.8.6.jar;C:\Users\pushpanjali_g\.m2\repository\org\testng\testng\7.4.0\testng-7.4.0.jar;C:\Users\pushpanjali_g\.m2\repository\com\beust\jcommander\1.78\jcommander-1.78.jar;C:\Users\pushpanjali_g\.m2\repository\org\webjars\jquery\3.5.1\jquery-3.5.1.jar;C:\Users\pushpanjali_g\.m2\repository\org\projectlombok\lombok\1.18.22\lombok-1.18.22.jar;"/>
    <property name="java.vm.vendor" value="Oracle Corporation"/>
    <property name="sun.arch.data.model" value="64"/>
    <property name="user.variant" value=""/>
    <property name="java.vendor.url" value="https://java.oracle.com/"/>
    <property name="user.timezone" value="Asia/Calcutta"/>
    <property name="os.name" value="Windows 11"/>
    <property name="java.vm.specification.version" value="22"/>
    <property name="sun.java.launcher" value="SUN_STANDARD"/>
    <property name="user.country" value="IN"/>
    <property name="sun.boot.library.path" value="C:\Program Files\Java\jdk-22\bin"/>
    <property name="sun.java.command" value="C:\Users\pushpanjali_g\AppData\Local\Temp\surefire5320054427471463492\surefirebooter-20240705134104825_3.jar C:\Users\pushpanjali_g\AppData\Local\Temp\surefire5320054427471463492 2024-07-05T13-41-04_674-jvmRun1 surefire-20240705134104825_1tmp surefire_0-20240705134104825_2tmp"/>
    <property name="jdk.debug" value="release"/>
    <property name="surefire.test.class.path" value="C:\Users\pushpanjali_g\eclipse-workspace\my-app\target\test-classes;C:\Users\pushpanjali_g\eclipse-workspace\my-app\target\classes;C:\Users\pushpanjali_g\.m2\repository\junit\junit\3.8.1\junit-3.8.1.jar;C:\Users\pushpanjali_g\.m2\repository\com\aventstack\extentreports\5.0.0\extentreports-5.0.0.jar;C:\Users\pushpanjali_g\.m2\repository\io\reactivex\rxjava3\rxjava\3.0.4\rxjava-3.0.4.jar;C:\Users\pushpanjali_g\.m2\repository\org\reactivestreams\reactive-streams\1.0.3\reactive-streams-1.0.3.jar;C:\Users\pushpanjali_g\.m2\repository\org\freemarker\freemarker\2.3.30\freemarker-2.3.30.jar;C:\Users\pushpanjali_g\.m2\repository\com\google\code\gson\gson\2.8.6\gson-2.8.6.jar;C:\Users\pushpanjali_g\.m2\repository\org\testng\testng\7.4.0\testng-7.4.0.jar;C:\Users\pushpanjali_g\.m2\repository\com\beust\jcommander\1.78\jcommander-1.78.jar;C:\Users\pushpanjali_g\.m2\repository\org\webjars\jquery\3.5.1\jquery-3.5.1.jar;C:\Users\pushpanjali_g\.m2\repository\org\projectlombok\lombok\1.18.22\lombok-1.18.22.jar;"/>
    <property name="sun.cpu.endian" value="little"/>
    <property name="user.home" value="C:\Users\pushpanjali_g"/>
    <property name="user.language" value="en"/>
    <property name="java.specification.vendor" value="Oracle Corporation"/>
    <property name="java.version.date" value="2024-04-16"/>
    <property name="java.home" value="C:\Program Files\Java\jdk-22"/>
    <property name="file.separator" value="\"/>
    <property name="basedir" value="C:\Users\pushpanjali_g\eclipse-workspace\my-app"/>
    <property name="java.vm.compressedOopsMode" value="Zero based"/>
    <property name="line.separator" value="&#10;"/>
    <property name="java.vm.specification.vendor" value="Oracle Corporation"/>
    <property name="java.specification.name" value="Java Platform API Specification"/>
    <property name="surefire.real.class.path" value="C:\Users\pushpanjali_g\AppData\Local\Temp\surefire5320054427471463492\surefirebooter-20240705134104825_3.jar"/>
    <property name="user.script" value=""/>
    <property name="sun.management.compiler" value="HotSpot 64-Bit Tiered Compilers"/>
    <property name="java.runtime.version" value="22.0.1+8-16"/>
    <property name="user.name" value="pushpanjali_g"/>
    <property name="stdout.encoding" value="Cp1252"/>
    <property name="path.separator" value=";"/>
    <property name="os.version" value="10.0"/>
    <property name="java.runtime.name" value="Java(TM) SE Runtime Environment"/>
    <property name="file.encoding" value="UTF-8"/>
    <property name="java.vm.name" value="Java HotSpot(TM) 64-Bit Server VM"/>
    <property name="localRepository" value="C:\Users\pushpanjali_g\.m2\repository"/>
    <property name="java.vendor.url.bug" value="https://bugreport.java.com/bugreport/"/>
    <property name="java.io.tmpdir" value="C:\Users\PUSHPA~1\AppData\Local\Temp\"/>
    <property name="java.version" value="22.0.1"/>
    <property name="user.dir" value="C:\Users\pushpanjali_g\eclipse-workspace\my-app"/>
    <property name="os.arch" value="amd64"/>
    <property name="java.vm.specification.name" value="Java Virtual Machine Specification"/>
    <property name="sun.os.patch.level" value=""/>
    <property name="native.encoding" value="Cp1252"/>
    <property name="java.library.path" value="C:\Program Files\Java\jdk-22\bin;C:\Windows\Sun\Java\bin;C:\Windows\system32;C:\Windows;C:/Users/pushpanjali_g/.p2/pool/plugins/org.eclipse.justj.openjdk.hotspot.jre.full.win32.x86_64_22.0.1.v20240426-1149/jre/bin/server;C:/Users/pushpanjali_g/.p2/pool/plugins/org.eclipse.justj.openjdk.hotspot.jre.full.win32.x86_64_22.0.1.v20240426-1149/jre/bin;C:\Program Files\Common Files\Oracle\Java\javapath;C:\Windows\system32;C:\Windows;C:\Windows\System32\Wbem;C:\Windows\System32\WindowsPowerShell\v1.0\;C:\Windows\System32\OpenSSH\;C:\Program Files\Git\cmd;C:\Users\pushpanjali_g\Maven\apache-maven-3.9.8\bin;C:\Program Files\Java\jdk-22\bin;C:\Program Files\dotnet\;C:\Program Files\Docker\Docker\resources\bin;C:\Users\pushpanjali_g\AppData\Local\Programs\Eclipse Adoptium\jdk-17.0.11.9-hotspot\bin;C:\Users\pushpanjali_g\AppData\Local\Microsoft\WindowsApps;C:\Users\pushpanjali_g\AppData\Local\Programs\Microsoft VS Code\bin;C:\Program Files\Java\jdk-22\bin;C:\Program Files\JetBrains\IntelliJ IDEA 2024.1.1\bin;;C:\Program Files\JetBrains\IntelliJ IDEA Community Edition 2024.1.2\bin;;C:\Users\pushpanjali_g\Maven\apache-maven-3.9.8\bin;;C:\Windows\System32;;."/>
    <property name="java.vm.info" value="mixed mode, sharing"/>
    <property name="stderr.encoding" value="Cp1252"/>
    <property name="java.vendor" value="Oracle Corporation"/>
    <property name="java.vm.version" value="22.0.1+8-16"/>
    <property name="sun.io.unicode.encoding" value="UnicodeLittle"/>
    <property name="java.class.version" value="66.0"/>
  </properties>
  <testcase name="testAdd" classname="com.example.AppTest" time="0.009"/>
</testsuite>