<?xml version="1.0" encoding="UTF-8"?>
<!-- Generated by org.testng.reporters.JUnitReportReporter -->
<testsuite hostname="EPINHYDW031C" failures="0" tests="1" name="runners.TestNGCucumberRunner" time="17.620" errors="0" timestamp="2024-06-14T20:32:26 IST" skipped="0">
  <testcase classname="runners.TestNGCucumberRunner" name="runScenario" time="17.620"/>
</testsuite> <!-- runners.TestNGCucumberRunner -->
