<?xml version="1.0" encoding="UTF-8"?>
<!-- Generated by org.testng.reporters.JUnitReportReporter -->
<testsuite hostname="EPINHYDW031C" failures="0" tests="1" name="runners.TestNGCucumberRunner1" time="18.974" errors="0" timestamp="2024-06-21T09:26:00 IST" skipped="0">
  <testcase classname="runners.TestNGCucumberRunner1" name="runScenario" time="18.974"/>
</testsuite> <!-- runners.TestNGCucumberRunner1 -->
