<?xml version="1.0" encoding="UTF-8"?>
<!-- Generated by org.testng.reporters.JUnitReportReporter -->
<testsuite hostname="EPINHYDW031C" failures="0" tests="1" name="com.example.AppTest" time="0.014" errors="0" timestamp="2024-07-05T00:40:14 IST" skipped="0">
  <testcase classname="com.example.AppTest" name="testAdd" time="0.014"/>
</testsuite> <!-- com.example.AppTest -->
