<?xml version="1.0" encoding="UTF-8"?>
<!-- Generated by org.testng.reporters.JUnitReportReporter -->
<testsuite hostname="EPINHYDW031C" failures="0" tests="1" name="com.example.AppTest" time="0.011" errors="0" timestamp="2024-07-05T13:41:05 IST" skipped="0">
  <testcase classname="com.example.AppTest" name="testAdd" time="0.011"/>
  <system-out/>
</testsuite> <!-- com.example.AppTest -->
